10.04.2026 20:48:59	This log contains information about the import schema operation into project 'adb236237' on computer 'ASUSMT' by user 'Meny8'.
10.04.2026 20:49:00	Import of database schema has started.
10.04.2026 20:49:00	Gathering logins
10.04.2026 20:49:09	Gathering database credentials
10.04.2026 20:49:09	Gathering database options
10.04.2026 20:49:09	Gathering generic database scoped configuration option
10.04.2026 20:49:09	Gathering users
10.04.2026 20:49:09	Gathering roles
10.04.2026 20:49:09	Gathering application roles
10.04.2026 20:49:09	Gathering role memberships
10.04.2026 20:49:09	Gathering filegroups
10.04.2026 20:49:09	Gathering full-text catalogs
10.04.2026 20:49:09	Gathering assemblies
10.04.2026 20:49:09	Gathering certificates
10.04.2026 20:49:09	Gathering symmetric keys
10.04.2026 20:49:09	Gathering encrypted symmetric keys
10.04.2026 20:49:09	Gathering schemas
10.04.2026 20:49:09	Gathering XML schema collections
10.04.2026 20:49:09	Gathering user-defined data types
10.04.2026 20:49:09	Gathering user-defined types
10.04.2026 20:49:09	Gathering table types
10.04.2026 20:49:09	Gathering unique keys for table types
10.04.2026 20:49:09	Gathering primary keys for table types
10.04.2026 20:49:10	Gathering indexes for table types
10.04.2026 20:49:10	Gathering check constraints for table types
10.04.2026 20:49:10	Gathering default constraints for table types
10.04.2026 20:49:10	Gathering partition functions
10.04.2026 20:49:10	Gathering partition schemes
10.04.2026 20:49:10	Gathering functions
10.04.2026 20:49:10	Gathering encrypted functions
10.04.2026 20:49:10	Gathering aggregates
10.04.2026 20:49:10	Gathering procedures
10.04.2026 20:49:10	Gathering encrypted procedures
10.04.2026 20:49:10	Gathering tables
10.04.2026 20:49:10	Gathering primary keys
10.04.2026 20:49:10	Gathering unique constraints
10.04.2026 20:49:10	Gathering foreign keys
10.04.2026 20:49:10	Gathering default constraints
10.04.2026 20:49:10	Gathering check constraints
10.04.2026 20:49:10	Gathering views
10.04.2026 20:49:10	Gathering encrypted views
10.04.2026 20:49:10	Gathering indexes
10.04.2026 20:49:10	Gathering statistics
10.04.2026 20:49:10	Gathering full-text index stoplists
10.04.2026 20:49:10	Gathering search property lists
10.04.2026 20:49:10	Gathering search properties
10.04.2026 20:49:10	Gathering full-text indexes
10.04.2026 20:49:10	Gathering column store indexes
10.04.2026 20:49:10	Gathering spatial indexes
10.04.2026 20:49:10	Gathering XML indexes
10.04.2026 20:49:10	Gathering Selective XML indexes
10.04.2026 20:49:10	Gathering encrypted triggers
10.04.2026 20:49:10	Gathering triggers
10.04.2026 20:49:10	Gathering encrypted and clr ddl triggers
10.04.2026 20:49:10	Gathering ddl triggers
10.04.2026 20:49:10	Creating edge constraints
10.04.2026 20:49:10	Gathering synonyms
10.04.2026 20:49:10	Gathering defaults
10.04.2026 20:49:10	Gathering data constraint uddt bindings
10.04.2026 20:49:10	Gathering rules
10.04.2026 20:49:10	Gathering data constraint uddt bindings
10.04.2026 20:49:10	Gathering message types
10.04.2026 20:49:10	Gathering queues
10.04.2026 20:49:10	Gathering contracts
10.04.2026 20:49:10	Gathering services
10.04.2026 20:49:10	Gathering event notifications
10.04.2026 20:49:10	Gathering remote service bindings
10.04.2026 20:49:10	Gathering broker priorities
10.04.2026 20:49:10	Gathering signatures
10.04.2026 20:49:10	Gathering compression options
10.04.2026 20:49:10	Gathering sequence types
10.04.2026 20:49:10	Gathering security policies
10.04.2026 20:49:10	Gather column encryption keys
10.04.2026 20:49:10	Gathering column master keys
10.04.2026 20:49:10	Gathering external data sources
10.04.2026 20:49:10	Gathering external file formats
10.04.2026 20:49:10	Gathering external tables
10.04.2026 20:49:10	Gathering XML index compression options
10.04.2026 20:49:10	Gathering database permissions
10.04.2026 20:49:10	Gathering extended properties
10.04.2026 20:49:10	Gathering assemblies
10.04.2026 20:49:11	Gathering logins
10.04.2026 20:49:13	Scanning project for duplicate elements
10.04.2026 20:49:13	Finished duplicate element processing
10.04.2026 20:49:14	Finished importing database.
10.04.2026 20:49:14	A summary of the import was saved to the following location: C:\Users\Meny8\OneDrive\Desktop\zaawansowane_bazy_danych_236237\adb236237\adb236237\Import Schema Logs\adb236237_20260410064859.log
10.04.2026 20:49:14	Click Finish to continue...
